<?xml version="1.0" encoding="UTF-8"?>
<!-- Generated by org.testng.reporters.JUnitXMLReporter -->
<testsuite ignored="0" hostname="DESKTOP-912Q6UV" failures="1" tests="2" name="Test" time="27.665" errors="0" timestamp="2026-05-09T23:00:11 IST">
  <testcase classname="testCases.TC001_AccountRegistrationTest" name="verify_account_registration" time="4.126"/>
  <testcase classname="testCases.TC002_LoginTest" name="verify_login" time="12.299">
    <failure type="java.lang.AssertionError" message="Login Failed! expected [true] but found [false]">
      <![CDATA[java.lang.AssertionError: Login Failed! expected [true] but found [false]
at testCases.TC002_LoginTest.verify_login(TC002_LoginTest.java:34)
at java.base/java.util.ArrayList.forEach(ArrayList.java:1596)
... Removed 31 stack frames]]>
    </failure>
  </testcase> <!-- verify_login -->
</testsuite> <!-- Test -->
