<?xml version="1.0" encoding="UTF-8"?>
<!-- Generated by org.testng.reporters.JUnitXMLReporter -->
<testsuite ignored="0" hostname="DESKTOP-912Q6UV" failures="0" tests="3" name="Test" time="28.066" errors="0" timestamp="2026-05-12T23:35:30 IST">
  <testcase classname="testCases.TC001_AccountRegistrationTest" name="verify_account_registration" time="6.302"/>
  <testcase classname="testCases.TC002_LoginTest" name="verify_login" time="1.873"/>
  <testcase classname="testCases.TC004_SearchTest" name="searchTest" time="8.206"/>
</testsuite> <!-- Test -->
