<?xml version="1.0" encoding="UTF-8"?>
<testsuite xmlns:xsi="http://www.w3.org/2001/XMLSchema-instance" xsi:noNamespaceSchemaLocation="https://maven.apache.org/surefire/maven-surefire-plugin/xsd/surefire-test-report.xsd" version="3.0.2" name="TestSuite" time="16.711" tests="2" errors="0" skipped="0" failures="0" flakes="0">
  <properties>
[...]
</properties>
  <testcase name="verify_account_registration" classname="testCases.TC001_AccountRegistrationTest" time="4.761">
    <system-err><![CDATA[SLF4J(W): No SLF4J providers were found.
SLF4J(W): Defaulting to no-operation (NOP) logger implementation
SLF4J(W): See https://www.slf4j.org/codes.html#noProviders for further details.
SLF4J(W): Class path contains SLF4J bindings targeting slf4j-api versions 1.7.x or earlier.
SLF4J(W): Ignoring binding found at [jar:file:/C:/Users/user/.m2/repository/org/apache/logging/log4j/log4j-slf4j-impl/2.25.4/log4j-slf4j-impl-2.25.4.jar!/org/slf4j/impl/StaticLoggerBinder.class]
SLF4J(W): See https://www.slf4j.org/codes.html#ignoredBindings for an explanation.
May 12, 2026 4:03:45 PM org.openqa.selenium.devtools.CdpVersionFinder findNearestMatch
WARNING: Unable to find an exact match for CDP version 148, returning the closest version; found: 147; Please update to a Selenium version that supports CDP version 148
]]></system-err>
  </testcase>
  <testcase name="verify_login" classname="testCases.TC002_LoginTest" time="2.552">
    <system-err><![CDATA[May 12, 2026 4:03:52 PM org.openqa.selenium.devtools.CdpVersionFinder findNearestMatch
WARNING: Unable to find an exact match for CDP version 148, returning the closest version; found: 147; Please update to a Selenium version that supports CDP version 148
]]></system-err>
  </testcase>
</testsuite>