<?xml version="1.0" encoding="UTF-8"?>
<!-- Generated by org.testng.reporters.JUnitReportReporter -->
<testsuite hostname="DESKTOP-912Q6UV" failures="0" tests="2" name="testCases.TC001_AccountRegistrationTest" time="6.213" errors="0" timestamp="2026-05-13T23:02:54 IST" skipped="0">
  <testcase classname="testCases.TC001_AccountRegistrationTest" name="verify_account_registration" time="3.094"/>
  <testcase classname="testCases.TC001_AccountRegistrationTest" name="verify_account_registration" time="3.119"/>
</testsuite> <!-- testCases.TC001_AccountRegistrationTest -->
