<?xml version="1.0" encoding="UTF-8"?>
<!-- Generated by org.testng.reporters.JUnitReportReporter -->
<testsuite hostname="DESKTOP-912Q6UV" failures="0" tests="2" name="testCases.TC001_AccountRegistrationTest" time="9.291" errors="0" timestamp="2026-05-11T23:22:40 IST" skipped="0">
  <testcase classname="testCases.TC001_AccountRegistrationTest" name="verify_account_registration" time="4.822"/>
  <testcase classname="testCases.TC001_AccountRegistrationTest" name="verify_account_registration" time="4.469"/>
</testsuite> <!-- testCases.TC001_AccountRegistrationTest -->
